[debug] [2025-07-23T07:06:54.591Z] ----------------------------------------------------------------------
[debug] [2025-07-23T07:06:54.593Z] Command:       /home/thermistor/.nvm/versions/node/v24.1.0/bin/node /home/thermistor/.nvm/versions/node/v24.1.0/bin/firebase emulators:start --only functions
[debug] [2025-07-23T07:06:54.593Z] CLI Version:   14.11.0
[debug] [2025-07-23T07:06:54.594Z] Platform:      linux
[debug] [2025-07-23T07:06:54.594Z] Node Version:  v24.1.0
[debug] [2025-07-23T07:06:54.594Z] Time:          Wed Jul 23 2025 09:06:54 GMT+0200 (South Africa Standard Time)
[debug] [2025-07-23T07:06:54.594Z] ----------------------------------------------------------------------
[debug] 
[debug] [2025-07-23T07:06:54.799Z] > command requires scopes: ["email","openid","https://www.googleapis.com/auth/cloudplatformprojects.readonly","https://www.googleapis.com/auth/firebase","https://www.googleapis.com/auth/cloud-platform"]
[debug] [2025-07-23T07:06:54.800Z] > authorizing via signed-in user (thomaxarstens@gmail.com)
[info] i  emulators: Starting emulators: functions {"metadata":{"emulator":{"name":"hub"},"message":"Starting emulators: functions"}}
[debug] [2025-07-23T07:06:54.804Z] [logging] Logging Emulator only supports listening on one address (127.0.0.1). Not listening on ::1
[debug] [2025-07-23T07:06:54.804Z] assigned listening specs for emulators {"user":{"hub":[{"address":"127.0.0.1","family":"IPv4","port":4400},{"address":"::1","family":"IPv6","port":4400}],"ui":[{"address":"127.0.0.1","family":"IPv4","port":4000},{"address":"::1","family":"IPv6","port":4000}],"logging":[{"address":"127.0.0.1","family":"IPv4","port":4500}]},"metadata":{"message":"assigned listening specs for emulators"}}
[debug] [2025-07-23T07:06:54.808Z] [hub] writing locator at /tmp/hub-esculappl-france.json
[debug] [2025-07-23T07:06:54.827Z] [functions] Functions Emulator only supports listening on one address (127.0.0.1). Not listening on ::1
[debug] [2025-07-23T07:06:54.827Z] [eventarc] Eventarc Emulator only supports listening on one address (127.0.0.1). Not listening on ::1
[debug] [2025-07-23T07:06:54.827Z] [tasks] Cloud Tasks Emulator only supports listening on one address (127.0.0.1). Not listening on ::1
[debug] [2025-07-23T07:06:54.827Z] late-assigned ports for functions and eventarc emulators {"user":{"hub":[{"address":"127.0.0.1","family":"IPv4","port":4400},{"address":"::1","family":"IPv6","port":4400}],"ui":[{"address":"127.0.0.1","family":"IPv4","port":4000},{"address":"::1","family":"IPv6","port":4000}],"logging":[{"address":"127.0.0.1","family":"IPv4","port":4500}],"functions":[{"address":"127.0.0.1","family":"IPv4","port":5001}],"eventarc":[{"address":"127.0.0.1","family":"IPv4","port":9299}],"tasks":[{"address":"127.0.0.1","family":"IPv4","port":9499}]},"metadata":{"message":"late-assigned ports for functions and eventarc emulators"}}
[warn] ⚠  functions: The following emulators are not running, calls to these services from the Functions emulator will affect production: apphosting, auth, firestore, database, hosting, pubsub, storage, dataconnect {"metadata":{"emulator":{"name":"functions"},"message":"The following emulators are not running, calls to these services from the Functions emulator will affect production: \u001b[1mapphosting, auth, firestore, database, hosting, pubsub, storage, dataconnect\u001b[22m"}}
[debug] [2025-07-23T07:06:54.895Z] defaultcredentials: writing to file /home/thermistor/.config/firebase/thomaxarstens_gmail_com_application_default_credentials.json
[debug] [2025-07-23T07:06:54.896Z] Setting GAC to /home/thermistor/.config/firebase/thomaxarstens_gmail_com_application_default_credentials.json {"metadata":{"emulator":{"name":"functions"},"message":"Setting GAC to /home/thermistor/.config/firebase/thomaxarstens_gmail_com_application_default_credentials.json"}}
[debug] [2025-07-23T07:06:54.897Z] Checked if tokens are valid: false, expires at: 1753228575279
[debug] [2025-07-23T07:06:54.897Z] Checked if tokens are valid: false, expires at: 1753228575279
[debug] [2025-07-23T07:06:54.897Z] > refreshing access token with scopes: []
[debug] [2025-07-23T07:06:54.898Z] >>> [apiv2][query] POST https://www.googleapis.com/oauth2/v3/token [none]
[debug] [2025-07-23T07:06:54.898Z] >>> [apiv2][body] POST https://www.googleapis.com/oauth2/v3/token [omitted]
[debug] [2025-07-23T07:06:54.981Z] <<< [apiv2][status] POST https://www.googleapis.com/oauth2/v3/token 200
[debug] [2025-07-23T07:06:54.982Z] <<< [apiv2][body] POST https://www.googleapis.com/oauth2/v3/token [omitted]
[debug] [2025-07-23T07:06:54.987Z] >>> [apiv2][query] GET https://firebase.googleapis.com/v1beta1/projects/esculappl-france/adminSdkConfig [none]
[debug] [2025-07-23T07:06:55.547Z] <<< [apiv2][status] GET https://firebase.googleapis.com/v1beta1/projects/esculappl-france/adminSdkConfig 200
[debug] [2025-07-23T07:06:55.547Z] <<< [apiv2][body] GET https://firebase.googleapis.com/v1beta1/projects/esculappl-france/adminSdkConfig {"projectId":"esculappl-france","databaseURL":"https://esculappl-france-default-rtdb.europe-west1.firebasedatabase.app","storageBucket":"esculappl-france.appspot.com","locationId":"europe-west"}
[info] i  functions: Watching "/home/thermistor/Documents/human-signal/functions" for Cloud Functions... {"metadata":{"emulator":{"name":"functions"},"message":"Watching \"/home/thermistor/Documents/human-signal/functions\" for Cloud Functions..."}}
[debug] [2025-07-23T07:06:55.569Z] Validating nodejs source
[debug] [2025-07-23T07:06:55.884Z] > [functions] package.json contents: {
  "name": "functions",
  "description": "Cloud Functions for Firebase",
  "scripts": {
    "serve": "firebase emulators:start --only functions",
    "shell": "firebase functions:shell",
    "start": "npm run shell",
    "deploy": "firebase deploy --only functions",
    "logs": "firebase functions:log"
  },
  "engines": {
    "node": "22"
  },
  "main": "index.js",
  "dependencies": {
    "@gradio/client": "^1.15.6",
    "axios": "^1.10.0",
    "firebase-admin": "^12.6.0",
    "firebase-functions": "^6.0.1"
  },
  "devDependencies": {
    "firebase-functions-test": "^3.1.0"
  },
  "private": true
}
[debug] [2025-07-23T07:06:55.884Z] Building nodejs source
[debug] [2025-07-23T07:06:55.884Z] Failed to find version of module node: reached end of search path /home/thermistor/Documents/human-signal/functions/node_modules
[warn] ⚠  functions: Your requested "node" version "22" doesn't match your global version "24". Using node@24 from host. 
[debug] [2025-07-23T07:06:55.888Z] Could not find functions.yaml. Must use http discovery
[debug] [2025-07-23T07:06:55.893Z] Found firebase-functions binary at '/home/thermistor/Documents/human-signal/functions/node_modules/.bin/firebase-functions'
[info] Serving at port 8413

[debug] [2025-07-23T07:06:56.258Z] Got response from /__/functions.yaml {"endpoints":{"generateTTS":{"availableMemoryMb":null,"timeoutSeconds":null,"minInstances":null,"maxInstances":10,"ingressSettings":null,"concurrency":null,"serviceAccountEmail":null,"vpc":null,"platform":"gcfv2","labels":{},"callableTrigger":{},"entryPoint":"generateTTS"},"generateTTSHttp":{"availableMemoryMb":null,"timeoutSeconds":null,"minInstances":null,"maxInstances":10,"ingressSettings":null,"concurrency":null,"serviceAccountEmail":null,"vpc":null,"platform":"gcfv2","labels":{},"httpsTrigger":{},"entryPoint":"generateTTSHttp"}},"specVersion":"v1alpha1","requiredAPIs":[],"extensions":{}}
[info] ✔  functions: Loaded functions definitions from source: generateTTS, generateTTSHttp. {"metadata":{"emulator":{"name":"functions"},"message":"Loaded functions definitions from source: generateTTS, generateTTSHttp."}}
[info] ✔  functions[us-central1-generateTTS]: http function initialized (http://127.0.0.1:5001/esculappl-france/us-central1/generateTTS). {"metadata":{"emulator":{"name":"functions"},"message":"\u001b[1mhttp\u001b[22m function initialized (http://127.0.0.1:5001/esculappl-france/us-central1/generateTTS)."}}
[info] ✔  functions[us-central1-generateTTSHttp]: http function initialized (http://127.0.0.1:5001/esculappl-france/us-central1/generateTTSHttp). {"metadata":{"emulator":{"name":"functions"},"message":"\u001b[1mhttp\u001b[22m function initialized (http://127.0.0.1:5001/esculappl-france/us-central1/generateTTSHttp)."}}
[debug] [2025-07-23T07:07:00.282Z] Could not find VSCode notification endpoint: FetchError: request to http://localhost:40001/vscode/notify failed, reason: connect ECONNREFUSED 127.0.0.1:40001. If you are not running the Firebase Data Connect VSCode extension, this is expected and not an issue.
[info] 
┌─────────────────────────────────────────────────────────────┐
│ ✔  All emulators ready! It is now safe to connect your app. │
│ i  View Emulator UI at http://127.0.0.1:4000/               │
└─────────────────────────────────────────────────────────────┘

┌───────────┬────────────────┬─────────────────────────────────┐
│ Emulator  │ Host:Port      │ View in Emulator UI             │
├───────────┼────────────────┼─────────────────────────────────┤
│ Functions │ 127.0.0.1:5001 │ http://127.0.0.1:4000/functions │
└───────────┴────────────────┴─────────────────────────────────┘
  Emulator Hub host: 127.0.0.1 port: 4400
  Other reserved ports: 4500

Issues? Report them at https://github.com/firebase/firebase-tools/issues and attach the *-debug.log files.
 
[debug] [2025-07-23T07:07:41.163Z] [work-queue] {"queuedWork":["/esculappl-france/us-central1/generateTTSHttp-2025-07-23T07:07:41.163Z"],"queueLength":1,"runningWork":[],"workRunningCount":0}
[debug] [2025-07-23T07:07:41.163Z] [work-queue] {"queuedWork":[],"queueLength":0,"runningWork":["/esculappl-france/us-central1/generateTTSHttp-2025-07-23T07:07:41.163Z"],"workRunningCount":1}
[debug] [2025-07-23T07:07:41.164Z] Accepted request POST /esculappl-france/us-central1/generateTTSHttp --> us-central1-generateTTSHttp
[debug] [2025-07-23T07:07:41.165Z] [functions] Runtime ready! Sending request! {"metadata":{"emulator":{"name":"functions"},"message":"[functions] Runtime ready! Sending request!"}}
[debug] [2025-07-23T07:07:41.166Z] [functions] Got req.url=/esculappl-france/us-central1/generateTTSHttp, mapping to path=/ {"metadata":{"emulator":{"name":"functions"},"message":"[functions] Got req.url=/esculappl-france/us-central1/generateTTSHttp, mapping to path=/"}}
[debug] [2025-07-23T07:07:41.170Z] [worker-pool] addWorker(us-central1-generateTTSHttp) {"metadata":{"emulator":{"name":"functions"},"message":"[worker-pool] addWorker(us-central1-generateTTSHttp)"}}
[debug] [2025-07-23T07:07:41.171Z] [worker-pool] Adding worker with key us-central1-generateTTSHttp, total=1 {"metadata":{"emulator":{"name":"functions"},"message":"[worker-pool] Adding worker with key us-central1-generateTTSHttp, total=1"}}
[debug] [2025-07-23T07:07:41.623Z] [runtime-status] [11796] Resolved module firebase-admin {"declared":true,"installed":true,"version":"12.7.0","resolution":"/home/thermistor/Documents/human-signal/functions/node_modules/firebase-admin/lib/index.js"} {"metadata":{"emulator":{"name":"functions"},"function":{"name":"us-central1-generateTTSHttp"},"extension":{},"message":"[runtime-status] [11796] Resolved module firebase-admin {\"declared\":true,\"installed\":true,\"version\":\"12.7.0\",\"resolution\":\"/home/thermistor/Documents/human-signal/functions/node_modules/firebase-admin/lib/index.js\"}"}}
[debug] [2025-07-23T07:07:41.623Z] [runtime-status] [11796] Resolved module firebase-functions {"declared":true,"installed":true,"version":"6.4.0","resolution":"/home/thermistor/Documents/human-signal/functions/node_modules/firebase-functions/lib/v2/index.js"} {"metadata":{"emulator":{"name":"functions"},"function":{"name":"us-central1-generateTTSHttp"},"extension":{},"message":"[runtime-status] [11796] Resolved module firebase-functions {\"declared\":true,\"installed\":true,\"version\":\"6.4.0\",\"resolution\":\"/home/thermistor/Documents/human-signal/functions/node_modules/firebase-functions/lib/v2/index.js\"}"}}
[debug] [2025-07-23T07:07:41.623Z] [runtime-status] [11796] Outgoing network have been stubbed. [{"name":"http","status":"mocked"},{"name":"http","status":"mocked"},{"name":"https","status":"mocked"},{"name":"https","status":"mocked"},{"name":"net","status":"mocked"}] {"metadata":{"emulator":{"name":"functions"},"function":{"name":"us-central1-generateTTSHttp"},"extension":{},"message":"[runtime-status] [11796] Outgoing network have been stubbed. [{\"name\":\"http\",\"status\":\"mocked\"},{\"name\":\"http\",\"status\":\"mocked\"},{\"name\":\"https\",\"status\":\"mocked\"},{\"name\":\"https\",\"status\":\"mocked\"},{\"name\":\"net\",\"status\":\"mocked\"}]"}}
[debug] [2025-07-23T07:07:41.623Z] [runtime-status] [11796] Resolved module firebase-functions {"declared":true,"installed":true,"version":"6.4.0","resolution":"/home/thermistor/Documents/human-signal/functions/node_modules/firebase-functions/lib/v2/index.js"} {"metadata":{"emulator":{"name":"functions"},"function":{"name":"us-central1-generateTTSHttp"},"extension":{},"message":"[runtime-status] [11796] Resolved module firebase-functions {\"declared\":true,\"installed\":true,\"version\":\"6.4.0\",\"resolution\":\"/home/thermistor/Documents/human-signal/functions/node_modules/firebase-functions/lib/v2/index.js\"}"}}
[debug] [2025-07-23T07:07:41.748Z] [runtime-status] [11796] Checked functions.config() {"config":{}} {"metadata":{"emulator":{"name":"functions"},"function":{"name":"us-central1-generateTTSHttp"},"extension":{},"message":"[runtime-status] [11796] Checked functions.config() {\"config\":{}}"}}
[debug] [2025-07-23T07:07:41.749Z] [runtime-status] [11796] firebase-functions has been stubbed. {"functionsResolution":{"declared":true,"installed":true,"version":"6.4.0","resolution":"/home/thermistor/Documents/human-signal/functions/node_modules/firebase-functions/lib/v2/index.js"}} {"metadata":{"emulator":{"name":"functions"},"function":{"name":"us-central1-generateTTSHttp"},"extension":{},"message":"[runtime-status] [11796] firebase-functions has been stubbed. {\"functionsResolution\":{\"declared\":true,\"installed\":true,\"version\":\"6.4.0\",\"resolution\":\"/home/thermistor/Documents/human-signal/functions/node_modules/firebase-functions/lib/v2/index.js\"}}"}}
[debug] [2025-07-23T07:07:41.749Z] [runtime-status] [11796] Resolved module firebase-functions {"declared":true,"installed":true,"version":"6.4.0","resolution":"/home/thermistor/Documents/human-signal/functions/node_modules/firebase-functions/lib/v2/index.js"} {"metadata":{"emulator":{"name":"functions"},"function":{"name":"us-central1-generateTTSHttp"},"extension":{},"message":"[runtime-status] [11796] Resolved module firebase-functions {\"declared\":true,\"installed\":true,\"version\":\"6.4.0\",\"resolution\":\"/home/thermistor/Documents/human-signal/functions/node_modules/firebase-functions/lib/v2/index.js\"}"}}
[debug] [2025-07-23T07:07:41.754Z] [runtime-status] [11796] Resolved module firebase-admin {"declared":true,"installed":true,"version":"12.7.0","resolution":"/home/thermistor/Documents/human-signal/functions/node_modules/firebase-admin/lib/index.js"} {"metadata":{"emulator":{"name":"functions"},"function":{"name":"us-central1-generateTTSHttp"},"extension":{},"message":"[runtime-status] [11796] Resolved module firebase-admin {\"declared\":true,\"installed\":true,\"version\":\"12.7.0\",\"resolution\":\"/home/thermistor/Documents/human-signal/functions/node_modules/firebase-admin/lib/index.js\"}"}}
[debug] [2025-07-23T07:07:41.755Z] [runtime-status] [11796] Resolved module firebase-functions {"declared":true,"installed":true,"version":"6.4.0","resolution":"/home/thermistor/Documents/human-signal/functions/node_modules/firebase-functions/lib/v2/index.js"} {"metadata":{"emulator":{"name":"functions"},"function":{"name":"us-central1-generateTTSHttp"},"extension":{},"message":"[runtime-status] [11796] Resolved module firebase-functions {\"declared\":true,\"installed\":true,\"version\":\"6.4.0\",\"resolution\":\"/home/thermistor/Documents/human-signal/functions/node_modules/firebase-functions/lib/v2/index.js\"}"}}
[debug] [2025-07-23T07:07:41.756Z] [runtime-status] [11796] firebase-admin has been stubbed. {"adminResolution":{"declared":true,"installed":true,"version":"12.7.0","resolution":"/home/thermistor/Documents/human-signal/functions/node_modules/firebase-admin/lib/index.js"}} {"metadata":{"emulator":{"name":"functions"},"function":{"name":"us-central1-generateTTSHttp"},"extension":{},"message":"[runtime-status] [11796] firebase-admin has been stubbed. {\"adminResolution\":{\"declared\":true,\"installed\":true,\"version\":\"12.7.0\",\"resolution\":\"/home/thermistor/Documents/human-signal/functions/node_modules/firebase-admin/lib/index.js\"}}"}}
[debug] [2025-07-23T07:07:41.760Z] [runtime-status] [11796] Functions runtime initialized. {"cwd":"/home/thermistor/Documents/human-signal/functions","node_version":"24.1.0"} {"metadata":{"emulator":{"name":"functions"},"function":{"name":"us-central1-generateTTSHttp"},"extension":{},"message":"[runtime-status] [11796] Functions runtime initialized. {\"cwd\":\"/home/thermistor/Documents/human-signal/functions\",\"node_version\":\"24.1.0\"}"}}
[debug] [2025-07-23T07:07:41.760Z] [runtime-status] [11796] Listening to port: /tmp/fire_emu_9ae32224650c3aee.sock {"metadata":{"emulator":{"name":"functions"},"function":{"name":"us-central1-generateTTSHttp"},"extension":{},"message":"[runtime-status] [11796] Listening to port: /tmp/fire_emu_9ae32224650c3aee.sock"}}
[debug] [2025-07-23T07:07:41.779Z] [worker-us-central1-generateTTSHttp-f8987348-93f7-4389-9ef9-b2b576cf1a71]: IDLE {"metadata":{"emulator":{"name":"functions"},"function":{"name":"us-central1-generateTTSHttp"},"extension":{},"message":"[worker-us-central1-generateTTSHttp-f8987348-93f7-4389-9ef9-b2b576cf1a71]: IDLE"}}
[debug] [2025-07-23T07:07:41.779Z] [worker-pool] submitRequest(triggerId=us-central1-generateTTSHttp) {"metadata":{"emulator":{"name":"functions"},"message":"[worker-pool] submitRequest(triggerId=us-central1-generateTTSHttp)"}}
[info] i  functions: Beginning execution of "us-central1-generateTTSHttp" {"metadata":{"emulator":{"name":"functions"},"function":{"name":"us-central1-generateTTSHttp"},"extension":{},"message":"Beginning execution of \"us-central1-generateTTSHttp\""}}
[debug] [2025-07-23T07:07:41.779Z] [worker-us-central1-generateTTSHttp-f8987348-93f7-4389-9ef9-b2b576cf1a71]: BUSY {"metadata":{"emulator":{"name":"functions"},"function":{"name":"us-central1-generateTTSHttp"},"extension":{},"message":"[worker-us-central1-generateTTSHttp-f8987348-93f7-4389-9ef9-b2b576cf1a71]: BUSY"}}
[info] >  {"textLength":37,"severity":"INFO","message":"HTTP TTS request received"} {"user":{"textLength":37,"severity":"INFO","message":"HTTP TTS request received"},"metadata":{"emulator":{"name":"functions"},"function":{"name":"us-central1-generateTTSHttp"},"extension":{},"message":"\u001b[90m> \u001b[39m {\"textLength\":37,\"severity\":\"INFO\",\"message\":\"HTTP TTS request received\"}"}}
[debug] [2025-07-23T07:07:50.079Z] Finishing up request with event=pause {"metadata":{"emulator":{"name":"functions"},"function":{"name":"us-central1-generateTTSHttp"},"extension":{},"message":"Finishing up request with event=pause"}}
[info] i  functions: Finished "us-central1-generateTTSHttp" in 8299.911876ms {"metadata":{"emulator":{"name":"functions"},"function":{"name":"us-central1-generateTTSHttp"},"extension":{},"message":"Finished \"us-central1-generateTTSHttp\" in 8299.911876ms"}}
[debug] [2025-07-23T07:07:50.080Z] [worker-us-central1-generateTTSHttp-f8987348-93f7-4389-9ef9-b2b576cf1a71]: IDLE {"metadata":{"emulator":{"name":"functions"},"function":{"name":"us-central1-generateTTSHttp"},"extension":{},"message":"[worker-us-central1-generateTTSHttp-f8987348-93f7-4389-9ef9-b2b576cf1a71]: IDLE"}}
[debug] [2025-07-23T07:07:50.080Z] Finishing up request with event=finish {"metadata":{"emulator":{"name":"functions"},"function":{"name":"us-central1-generateTTSHttp"},"extension":{},"message":"Finishing up request with event=finish"}}
[debug] [2025-07-23T07:07:50.080Z] Finishing up request with event=close {"metadata":{"emulator":{"name":"functions"},"function":{"name":"us-central1-generateTTSHttp"},"extension":{},"message":"Finishing up request with event=close"}}
[debug] [2025-07-23T07:07:50.080Z] [work-queue] {"queuedWork":[],"queueLength":0,"runningWork":[],"workRunningCount":0}
[debug] [2025-07-23T07:19:25.151Z] [work-queue] {"queuedWork":["/esculappl-france/us-central1/generateTTS-2025-07-23T07:19:25.151Z"],"queueLength":1,"runningWork":[],"workRunningCount":0}
[debug] [2025-07-23T07:19:25.151Z] [work-queue] {"queuedWork":[],"queueLength":0,"runningWork":["/esculappl-france/us-central1/generateTTS-2025-07-23T07:19:25.151Z"],"workRunningCount":1}
[debug] [2025-07-23T07:19:25.151Z] Accepted request POST /esculappl-france/us-central1/generateTTS --> us-central1-generateTTS
[debug] [2025-07-23T07:19:25.153Z] [functions] Runtime ready! Sending request! {"metadata":{"emulator":{"name":"functions"},"message":"[functions] Runtime ready! Sending request!"}}
[debug] [2025-07-23T07:19:25.154Z] [functions] Got req.url=/esculappl-france/us-central1/generateTTS, mapping to path=/ {"metadata":{"emulator":{"name":"functions"},"message":"[functions] Got req.url=/esculappl-france/us-central1/generateTTS, mapping to path=/"}}
[debug] [2025-07-23T07:19:25.159Z] [worker-pool] addWorker(us-central1-generateTTS) {"metadata":{"emulator":{"name":"functions"},"message":"[worker-pool] addWorker(us-central1-generateTTS)"}}
[debug] [2025-07-23T07:19:25.159Z] [worker-pool] Adding worker with key us-central1-generateTTS, total=1 {"metadata":{"emulator":{"name":"functions"},"message":"[worker-pool] Adding worker with key us-central1-generateTTS, total=1"}}
[debug] [2025-07-23T07:19:27.228Z] [runtime-status] [18229] Resolved module firebase-admin {"declared":true,"installed":true,"version":"12.7.0","resolution":"/home/thermistor/Documents/human-signal/functions/node_modules/firebase-admin/lib/index.js"} {"metadata":{"emulator":{"name":"functions"},"function":{"name":"us-central1-generateTTS"},"extension":{},"message":"[runtime-status] [18229] Resolved module firebase-admin {\"declared\":true,\"installed\":true,\"version\":\"12.7.0\",\"resolution\":\"/home/thermistor/Documents/human-signal/functions/node_modules/firebase-admin/lib/index.js\"}"}}
[debug] [2025-07-23T07:19:27.234Z] [runtime-status] [18229] Resolved module firebase-functions {"declared":true,"installed":true,"version":"6.4.0","resolution":"/home/thermistor/Documents/human-signal/functions/node_modules/firebase-functions/lib/v2/index.js"} {"metadata":{"emulator":{"name":"functions"},"function":{"name":"us-central1-generateTTS"},"extension":{},"message":"[runtime-status] [18229] Resolved module firebase-functions {\"declared\":true,\"installed\":true,\"version\":\"6.4.0\",\"resolution\":\"/home/thermistor/Documents/human-signal/functions/node_modules/firebase-functions/lib/v2/index.js\"}"}}
[debug] [2025-07-23T07:19:27.235Z] [runtime-status] [18229] Outgoing network have been stubbed. [{"name":"http","status":"mocked"},{"name":"http","status":"mocked"},{"name":"https","status":"mocked"},{"name":"https","status":"mocked"},{"name":"net","status":"mocked"}] {"metadata":{"emulator":{"name":"functions"},"function":{"name":"us-central1-generateTTS"},"extension":{},"message":"[runtime-status] [18229] Outgoing network have been stubbed. [{\"name\":\"http\",\"status\":\"mocked\"},{\"name\":\"http\",\"status\":\"mocked\"},{\"name\":\"https\",\"status\":\"mocked\"},{\"name\":\"https\",\"status\":\"mocked\"},{\"name\":\"net\",\"status\":\"mocked\"}]"}}
[debug] [2025-07-23T07:19:27.235Z] [runtime-status] [18229] Resolved module firebase-functions {"declared":true,"installed":true,"version":"6.4.0","resolution":"/home/thermistor/Documents/human-signal/functions/node_modules/firebase-functions/lib/v2/index.js"} {"metadata":{"emulator":{"name":"functions"},"function":{"name":"us-central1-generateTTS"},"extension":{},"message":"[runtime-status] [18229] Resolved module firebase-functions {\"declared\":true,\"installed\":true,\"version\":\"6.4.0\",\"resolution\":\"/home/thermistor/Documents/human-signal/functions/node_modules/firebase-functions/lib/v2/index.js\"}"}}
[debug] [2025-07-23T07:19:27.879Z] [runtime-status] [18229] Checked functions.config() {"config":{}} {"metadata":{"emulator":{"name":"functions"},"function":{"name":"us-central1-generateTTS"},"extension":{},"message":"[runtime-status] [18229] Checked functions.config() {\"config\":{}}"}}
[debug] [2025-07-23T07:19:27.880Z] [runtime-status] [18229] firebase-functions has been stubbed. {"functionsResolution":{"declared":true,"installed":true,"version":"6.4.0","resolution":"/home/thermistor/Documents/human-signal/functions/node_modules/firebase-functions/lib/v2/index.js"}} {"metadata":{"emulator":{"name":"functions"},"function":{"name":"us-central1-generateTTS"},"extension":{},"message":"[runtime-status] [18229] firebase-functions has been stubbed. {\"functionsResolution\":{\"declared\":true,\"installed\":true,\"version\":\"6.4.0\",\"resolution\":\"/home/thermistor/Documents/human-signal/functions/node_modules/firebase-functions/lib/v2/index.js\"}}"}}
[debug] [2025-07-23T07:19:27.880Z] [runtime-status] [18229] Resolved module firebase-functions {"declared":true,"installed":true,"version":"6.4.0","resolution":"/home/thermistor/Documents/human-signal/functions/node_modules/firebase-functions/lib/v2/index.js"} {"metadata":{"emulator":{"name":"functions"},"function":{"name":"us-central1-generateTTS"},"extension":{},"message":"[runtime-status] [18229] Resolved module firebase-functions {\"declared\":true,\"installed\":true,\"version\":\"6.4.0\",\"resolution\":\"/home/thermistor/Documents/human-signal/functions/node_modules/firebase-functions/lib/v2/index.js\"}"}}
[debug] [2025-07-23T07:19:27.885Z] [runtime-status] [18229] Resolved module firebase-admin {"declared":true,"installed":true,"version":"12.7.0","resolution":"/home/thermistor/Documents/human-signal/functions/node_modules/firebase-admin/lib/index.js"} {"metadata":{"emulator":{"name":"functions"},"function":{"name":"us-central1-generateTTS"},"extension":{},"message":"[runtime-status] [18229] Resolved module firebase-admin {\"declared\":true,\"installed\":true,\"version\":\"12.7.0\",\"resolution\":\"/home/thermistor/Documents/human-signal/functions/node_modules/firebase-admin/lib/index.js\"}"}}
[debug] [2025-07-23T07:19:27.892Z] [runtime-status] [18229] Resolved module firebase-functions {"declared":true,"installed":true,"version":"6.4.0","resolution":"/home/thermistor/Documents/human-signal/functions/node_modules/firebase-functions/lib/v2/index.js"} {"metadata":{"emulator":{"name":"functions"},"function":{"name":"us-central1-generateTTS"},"extension":{},"message":"[runtime-status] [18229] Resolved module firebase-functions {\"declared\":true,\"installed\":true,\"version\":\"6.4.0\",\"resolution\":\"/home/thermistor/Documents/human-signal/functions/node_modules/firebase-functions/lib/v2/index.js\"}"}}
[debug] [2025-07-23T07:19:27.894Z] [runtime-status] [18229] firebase-admin has been stubbed. {"adminResolution":{"declared":true,"installed":true,"version":"12.7.0","resolution":"/home/thermistor/Documents/human-signal/functions/node_modules/firebase-admin/lib/index.js"}} {"metadata":{"emulator":{"name":"functions"},"function":{"name":"us-central1-generateTTS"},"extension":{},"message":"[runtime-status] [18229] firebase-admin has been stubbed. {\"adminResolution\":{\"declared\":true,\"installed\":true,\"version\":\"12.7.0\",\"resolution\":\"/home/thermistor/Documents/human-signal/functions/node_modules/firebase-admin/lib/index.js\"}}"}}
[debug] [2025-07-23T07:19:27.906Z] [runtime-status] [18229] Functions runtime initialized. {"cwd":"/home/thermistor/Documents/human-signal/functions","node_version":"24.1.0"} {"metadata":{"emulator":{"name":"functions"},"function":{"name":"us-central1-generateTTS"},"extension":{},"message":"[runtime-status] [18229] Functions runtime initialized. {\"cwd\":\"/home/thermistor/Documents/human-signal/functions\",\"node_version\":\"24.1.0\"}"}}
[debug] [2025-07-23T07:19:27.906Z] [runtime-status] [18229] Listening to port: /tmp/fire_emu_0547243ad75ca1d4.sock {"metadata":{"emulator":{"name":"functions"},"function":{"name":"us-central1-generateTTS"},"extension":{},"message":"[runtime-status] [18229] Listening to port: /tmp/fire_emu_0547243ad75ca1d4.sock"}}
[debug] [2025-07-23T07:19:28.014Z] [worker-us-central1-generateTTS-09cd19d9-289b-4a2c-98a2-7b3a50827416]: IDLE {"metadata":{"emulator":{"name":"functions"},"function":{"name":"us-central1-generateTTS"},"extension":{},"message":"[worker-us-central1-generateTTS-09cd19d9-289b-4a2c-98a2-7b3a50827416]: IDLE"}}
[debug] [2025-07-23T07:19:28.014Z] [worker-pool] submitRequest(triggerId=us-central1-generateTTS) {"metadata":{"emulator":{"name":"functions"},"message":"[worker-pool] submitRequest(triggerId=us-central1-generateTTS)"}}
[info] i  functions: Beginning execution of "us-central1-generateTTS" {"metadata":{"emulator":{"name":"functions"},"function":{"name":"us-central1-generateTTS"},"extension":{},"message":"Beginning execution of \"us-central1-generateTTS\""}}
[debug] [2025-07-23T07:19:28.015Z] [worker-us-central1-generateTTS-09cd19d9-289b-4a2c-98a2-7b3a50827416]: BUSY {"metadata":{"emulator":{"name":"functions"},"function":{"name":"us-central1-generateTTS"},"extension":{},"message":"[worker-us-central1-generateTTS-09cd19d9-289b-4a2c-98a2-7b3a50827416]: BUSY"}}
[info] >  {"verifications":{"app":"MISSING","auth":"MISSING"},"logging.googleapis.com/labels":{"firebase-log-type":"callable-request-verification"},"severity":"DEBUG","message":"Callable request verification passed"} {"user":{"verifications":{"app":"MISSING","auth":"MISSING"},"logging.googleapis.com/labels":{"firebase-log-type":"callable-request-verification"},"severity":"DEBUG","message":"Callable request verification passed"},"metadata":{"emulator":{"name":"functions"},"function":{"name":"us-central1-generateTTS"},"extension":{},"message":"\u001b[90m> \u001b[39m {\"verifications\":{\"app\":\"MISSING\",\"auth\":\"MISSING\"},\"logging.googleapis.com/labels\":{\"firebase-log-type\":\"callable-request-verification\"},\"severity\":\"DEBUG\",\"message\":\"Callable request verification passed\"}"}}
[info] >  {"textLength":13,"hasExaggeration":true,"hasTemperature":true,"severity":"INFO","message":"TTS request received"} {"user":{"textLength":13,"hasExaggeration":true,"hasTemperature":true,"severity":"INFO","message":"TTS request received"},"metadata":{"emulator":{"name":"functions"},"function":{"name":"us-central1-generateTTS"},"extension":{},"message":"\u001b[90m> \u001b[39m {\"textLength\":13,\"hasExaggeration\":true,\"hasTemperature\":true,\"severity\":\"INFO\",\"message\":\"TTS request received\"}"}}
[info] >  {"severity":"INFO","message":"Connecting to Chatterbox client..."} {"user":{"severity":"INFO","message":"Connecting to Chatterbox client..."},"metadata":{"emulator":{"name":"functions"},"function":{"name":"us-central1-generateTTS"},"extension":{},"message":"\u001b[90m> \u001b[39m {\"severity\":\"INFO\",\"message\":\"Connecting to Chatterbox client...\"}"}}
[info] >  {"text":"test this out","severity":"INFO","message":"Generating TTS audio..."} {"user":{"text":"test this out","severity":"INFO","message":"Generating TTS audio..."},"metadata":{"emulator":{"name":"functions"},"function":{"name":"us-central1-generateTTS"},"extension":{},"message":"\u001b[90m> \u001b[39m {\"text\":\"test this out\",\"severity\":\"INFO\",\"message\":\"Generating TTS audio...\"}"}}
[info] >  {"hasData":true,"dataLength":1,"severity":"INFO","message":"TTS Result received"} {"user":{"hasData":true,"dataLength":1,"severity":"INFO","message":"TTS Result received"},"metadata":{"emulator":{"name":"functions"},"function":{"name":"us-central1-generateTTS"},"extension":{},"message":"\u001b[90m> \u001b[39m {\"hasData\":true,\"dataLength\":1,\"severity\":\"INFO\",\"message\":\"TTS Result received\"}"}}
[info] >  {"hasAudioUrl":true,"severity":"INFO","message":"TTS generation successful"} {"user":{"hasAudioUrl":true,"severity":"INFO","message":"TTS generation successful"},"metadata":{"emulator":{"name":"functions"},"function":{"name":"us-central1-generateTTS"},"extension":{},"message":"\u001b[90m> \u001b[39m {\"hasAudioUrl\":true,\"severity\":\"INFO\",\"message\":\"TTS generation successful\"}"}}
[debug] [2025-07-23T07:19:34.020Z] Finishing up request with event=pause {"metadata":{"emulator":{"name":"functions"},"function":{"name":"us-central1-generateTTS"},"extension":{},"message":"Finishing up request with event=pause"}}
[info] i  functions: Finished "us-central1-generateTTS" in 6005.749852ms {"metadata":{"emulator":{"name":"functions"},"function":{"name":"us-central1-generateTTS"},"extension":{},"message":"Finished \"us-central1-generateTTS\" in 6005.749852ms"}}
[debug] [2025-07-23T07:19:34.022Z] [worker-us-central1-generateTTS-09cd19d9-289b-4a2c-98a2-7b3a50827416]: IDLE {"metadata":{"emulator":{"name":"functions"},"function":{"name":"us-central1-generateTTS"},"extension":{},"message":"[worker-us-central1-generateTTS-09cd19d9-289b-4a2c-98a2-7b3a50827416]: IDLE"}}
[debug] [2025-07-23T07:19:34.023Z] Finishing up request with event=finish {"metadata":{"emulator":{"name":"functions"},"function":{"name":"us-central1-generateTTS"},"extension":{},"message":"Finishing up request with event=finish"}}
[debug] [2025-07-23T07:19:34.023Z] Finishing up request with event=close {"metadata":{"emulator":{"name":"functions"},"function":{"name":"us-central1-generateTTS"},"extension":{},"message":"Finishing up request with event=close"}}
[debug] [2025-07-23T07:19:34.023Z] [work-queue] {"queuedWork":[],"queueLength":0,"runningWork":[],"workRunningCount":0}
